This file contains any messages produced by compilers while
running configure, to aid debugging if configure makes a mistake.

It was created by configure, which was
generated by GNU Autoconf 2.59.  Invocation command line was

  $ ./configure --prefix=/home/mman/lintouch/trunk-componentized

## --------- ##
## Platform. ##
## --------- ##

hostname = esher
uname -m = i686
uname -r = 2.6.12-10-686
uname -s = Linux
uname -v = #1 Thu Dec 22 11:55:07 UTC 2005

/usr/bin/uname -p = unknown
/bin/uname -X     = unknown

/bin/arch              = i686
/usr/bin/arch -k       = unknown
/usr/convex/getsysinfo = unknown
hostinfo               = unknown
/bin/machine           = unknown
/usr/bin/oslevel       = unknown
/bin/universe          = unknown

PATH: /usr/local/bin
PATH: /usr/local/sbin
PATH: /sbin
PATH: /usr/sbin
PATH: /bin
PATH: /usr/bin
PATH: /usr/bin/X11
PATH: /usr/games


## ----------- ##
## Core tests. ##
## ----------- ##

configure:1329: checking for a BSD-compatible install
configure:1384: result: /usr/bin/install -c
configure:1395: checking whether build environment is sane
configure:1438: result: yes
configure:1495: checking for gawk
configure:1511: found /usr/bin/gawk
configure:1521: result: gawk
configure:1531: checking whether make sets $(MAKE)
configure:1551: result: yes
configure:1762: checking for gcc
configure:1778: found /usr/local/bin/gcc
configure:1788: result: gcc
configure:2032: checking for C compiler version
configure:2035: gcc --version </dev/null >&5
gcc (GCC) 4.0.2 20050808 (prerelease) (Ubuntu 4.0.1-4ubuntu9)
Copyright (C) 2005 Free Software Foundation, Inc.
This is free software; see the source for copying conditions.  There is NO
warranty; not even for MERCHANTABILITY or FITNESS FOR A PARTICULAR PURPOSE.

configure:2038: $? = 0
configure:2040: gcc -v </dev/null >&5
Using built-in specs.
Target: i486-linux-gnu
Configured with: ../src/configure -v --enable-languages=c,c++,java,f95,objc,ada,treelang --prefix=/usr --with-gxx-include-dir=/usr/include/c++/4.0.2 --enable-shared --with-system-zlib --libexecdir=/usr/lib --enable-nls --without-included-gettext --enable-threads=posix --program-suffix=-4.0 --enable-__cxa_atexit --enable-libstdcxx-allocator=mt --enable-clocale=gnu --enable-libstdcxx-debug --enable-java-gc=boehm --enable-java-awt=gtk --enable-gtk-cairo --with-java-home=/usr/lib/jvm/java-1.4.2-gcj-4.0-1.4.2.0/jre --enable-mpfr --disable-werror --enable-checking=release i486-linux-gnu
Thread model: posix
gcc version 4.0.2 20050808 (prerelease) (Ubuntu 4.0.1-4ubuntu9)
configure:2043: $? = 0
configure:2045: gcc -V </dev/null >&5
gcc: '-V' option must have argument
configure:2048: $? = 1
configure:2071: checking for C compiler default output file name
configure:2074: gcc    conftest.c  >&5
configure:2077: $? = 0
configure:2123: result: a.out
configure:2128: checking whether the C compiler works
configure:2134: ./a.out
configure:2137: $? = 0
configure:2154: result: yes
configure:2161: checking whether we are cross compiling
configure:2163: result: no
configure:2166: checking for suffix of executables
configure:2168: gcc -o conftest    conftest.c  >&5
configure:2171: $? = 0
configure:2196: result: 
configure:2202: checking for suffix of object files
configure:2223: gcc -c   conftest.c >&5
configure:2226: $? = 0
configure:2248: result: o
configure:2252: checking whether we are using the GNU C compiler
configure:2276: gcc -c   conftest.c >&5
configure:2282: $? = 0
configure:2285: test -z 			 || test ! -s conftest.err
configure:2288: $? = 0
configure:2291: test -s conftest.o
configure:2294: $? = 0
configure:2307: result: yes
configure:2313: checking whether gcc accepts -g
configure:2334: gcc -c -g  conftest.c >&5
configure:2340: $? = 0
configure:2343: test -z 			 || test ! -s conftest.err
configure:2346: $? = 0
configure:2349: test -s conftest.o
configure:2352: $? = 0
configure:2363: result: yes
configure:2380: checking for gcc option to accept ANSI C
configure:2450: gcc  -c -g -O2  conftest.c >&5
configure:2456: $? = 0
configure:2459: test -z 			 || test ! -s conftest.err
configure:2462: $? = 0
configure:2465: test -s conftest.o
configure:2468: $? = 0
configure:2486: result: none needed
configure:2504: gcc -c -g -O2  conftest.c >&5
conftest.c:2: error: syntax error before 'me'
configure:2510: $? = 1
configure: failed program was:
| #ifndef __cplusplus
|   choke me
| #endif
configure:2651: checking for style of include used by make
configure:2679: result: GNU
configure:2707: checking dependency style of gcc
configure:2797: result: none
configure:2866: checking for g++
configure:2882: found /usr/local/bin/g++
configure:2892: result: g++
configure:2908: checking for C++ compiler version
configure:2911: g++ --version </dev/null >&5
g++ (GCC) 4.0.2 20050808 (prerelease) (Ubuntu 4.0.1-4ubuntu9)
Copyright (C) 2005 Free Software Foundation, Inc.
This is free software; see the source for copying conditions.  There is NO
warranty; not even for MERCHANTABILITY or FITNESS FOR A PARTICULAR PURPOSE.

configure:2914: $? = 0
configure:2916: g++ -v </dev/null >&5
Using built-in specs.
Target: i486-linux-gnu
Configured with: ../src/configure -v --enable-languages=c,c++,java,f95,objc,ada,treelang --prefix=/usr --with-gxx-include-dir=/usr/include/c++/4.0.2 --enable-shared --with-system-zlib --libexecdir=/usr/lib --enable-nls --without-included-gettext --enable-threads=posix --program-suffix=-4.0 --enable-__cxa_atexit --enable-libstdcxx-allocator=mt --enable-clocale=gnu --enable-libstdcxx-debug --enable-java-gc=boehm --enable-java-awt=gtk --enable-gtk-cairo --with-java-home=/usr/lib/jvm/java-1.4.2-gcj-4.0-1.4.2.0/jre --enable-mpfr --disable-werror --enable-checking=release i486-linux-gnu
Thread model: posix
gcc version 4.0.2 20050808 (prerelease) (Ubuntu 4.0.1-4ubuntu9)
configure:2919: $? = 0
configure:2921: g++ -V </dev/null >&5
g++: '-V' option must have argument
configure:2924: $? = 1
configure:2927: checking whether we are using the GNU C++ compiler
configure:2951: g++ -c   conftest.cc >&5
configure:2957: $? = 0
configure:2960: test -z 			 || test ! -s conftest.err
configure:2963: $? = 0
configure:2966: test -s conftest.o
configure:2969: $? = 0
configure:2982: result: yes
configure:2988: checking whether g++ accepts -g
configure:3009: g++ -c -g  conftest.cc >&5
configure:3015: $? = 0
configure:3018: test -z 			 || test ! -s conftest.err
configure:3021: $? = 0
configure:3024: test -s conftest.o
configure:3027: $? = 0
configure:3038: result: yes
configure:3080: g++ -c -g -O2  conftest.cc >&5
configure:3086: $? = 0
configure:3089: test -z 			 || test ! -s conftest.err
configure:3092: $? = 0
configure:3095: test -s conftest.o
configure:3098: $? = 0
configure:3124: g++ -c -g -O2  conftest.cc >&5
conftest.cc: In function 'int main()':
conftest.cc:15: error: 'exit' was not declared in this scope
configure:3130: $? = 1
configure: failed program was:
| /* confdefs.h.  */
| 
| #define PACKAGE_NAME ""
| #define PACKAGE_TARNAME ""
| #define PACKAGE_VERSION ""
| #define PACKAGE_STRING ""
| #define PACKAGE_BUGREPORT ""
| #define PACKAGE "ltl-display"
| #define VERSION "1.7.0"
| /* end confdefs.h.  */
| 
| int
| main ()
| {
| exit (42);
|   ;
|   return 0;
| }
configure:3080: g++ -c -g -O2  conftest.cc >&5
configure:3086: $? = 0
configure:3089: test -z 			 || test ! -s conftest.err
configure:3092: $? = 0
configure:3095: test -s conftest.o
configure:3098: $? = 0
configure:3124: g++ -c -g -O2  conftest.cc >&5
configure:3130: $? = 0
configure:3133: test -z 			 || test ! -s conftest.err
configure:3136: $? = 0
configure:3139: test -s conftest.o
configure:3142: $? = 0
configure:3167: checking dependency style of g++
configure:3257: result: none
configure:3287: checking for a BSD-compatible install
configure:3342: result: /usr/bin/install -c
configure:3360: checking for doxygen
configure:3376: found /usr/bin/doxygen
configure:3386: result: doxygen
configure:3449: checking for cppunit-config
configure:3467: found /usr/bin/cppunit-config
configure:3480: result: /usr/bin/cppunit-config
configure:3489: checking for Cppunit - version >= 1.8.0
configure:3522: result: 1.10.2
configure:3573: checking for Qt Library
configure:3598: result: found in /usr/share/qt3
configure:3688: checking for pkg-config
configure:3706: found /usr/bin/pkg-config
configure:3718: result: /usr/bin/pkg-config
configure:3733: checking pkg-config is at least version 0.9.0
configure:3736: result: yes
configure:3747: checking for LTL
configure:3752: $PKG_CONFIG --exists --print-errors "liblttemplates"
configure:3755: $? = 0
configure:3766: $PKG_CONFIG --exists --print-errors "liblttemplates"
configure:3769: $? = 0
configure:3824: result: yes
configure:3993: creating ./config.status

## ---------------------- ##
## Running config.status. ##
## ---------------------- ##

This file was extended by config.status, which was
generated by GNU Autoconf 2.59.  Invocation command line was

  CONFIG_FILES    = 
  CONFIG_HEADERS  = 
  CONFIG_LINKS    = 
  CONFIG_COMMANDS = 
  $ ./config.status 

on esher

config.status:742: creating Makefile
config.status:742: creating config.h
config.status:742: creating doc/Makefile
config.status:742: creating doc/ltl-input.dox
config.status:742: creating config_shared.pri
config.status:742: creating config_unix.pri
config.status:887: executing depfiles commands

## ---------------- ##
## Cache variables. ##
## ---------------- ##

ac_cv_c_compiler_gnu=yes
ac_cv_cxx_compiler_gnu=yes
ac_cv_env_CC_set=
ac_cv_env_CC_value=
ac_cv_env_CFLAGS_set=
ac_cv_env_CFLAGS_value=
ac_cv_env_CPPFLAGS_set=
ac_cv_env_CPPFLAGS_value=
ac_cv_env_CXXFLAGS_set=
ac_cv_env_CXXFLAGS_value=
ac_cv_env_CXX_set=
ac_cv_env_CXX_value=
ac_cv_env_LDFLAGS_set=
ac_cv_env_LDFLAGS_value=
ac_cv_env_LTL_CFLAGS_set=
ac_cv_env_LTL_CFLAGS_value=
ac_cv_env_LTL_LIBS_set=
ac_cv_env_LTL_LIBS_value=
ac_cv_env_PKG_CONFIG_set=
ac_cv_env_PKG_CONFIG_value=
ac_cv_env_build_alias_set=
ac_cv_env_build_alias_value=
ac_cv_env_host_alias_set=
ac_cv_env_host_alias_value=
ac_cv_env_target_alias_set=
ac_cv_env_target_alias_value=
ac_cv_exeext=
ac_cv_objext=o
ac_cv_path_CPPUNIT_CONFIG=/usr/bin/cppunit-config
ac_cv_path_ac_pt_PKG_CONFIG=/usr/bin/pkg-config
ac_cv_path_install='/usr/bin/install -c'
ac_cv_prog_AWK=gawk
ac_cv_prog_DOXYGEN=doxygen
ac_cv_prog_ac_ct_CC=gcc
ac_cv_prog_ac_ct_CXX=g++
ac_cv_prog_cc_g=yes
ac_cv_prog_cc_stdc=
ac_cv_prog_cxx_g=yes
ac_cv_prog_make_make_set=yes
am_cv_CC_dependencies_compiler_type=none
am_cv_CXX_dependencies_compiler_type=none
pkg_cv_LTL_CFLAGS='-pipe -Wall -O2 -pthread -I/home/mman/lintouch/trunk-componentized/include -I/usr/include/xmltok -I/usr/include/openssl -I/usr/include/apr-0  '
pkg_cv_LTL_LIBS='-L/home/mman/lintouch/trunk-componentized/lib -llttemplates -lltvariables -lltvfs -lltzip  '

## ----------------- ##
## Output variables. ##
## ----------------- ##

ACLOCAL='${SHELL} /home/mman/Work/SWAC/lt.o/svn/lintouch/lintouch/trunk/src/template-libraries/ltl-input/config/missing --run aclocal-1.8'
AMDEPBACKSLASH='\'
AMDEP_FALSE='#'
AMDEP_TRUE=''
AMTAR='${SHELL} /home/mman/Work/SWAC/lt.o/svn/lintouch/lintouch/trunk/src/template-libraries/ltl-input/config/missing --run tar'
AUTOCONF='${SHELL} /home/mman/Work/SWAC/lt.o/svn/lintouch/lintouch/trunk/src/template-libraries/ltl-input/config/missing --run autoconf'
AUTOHEADER='${SHELL} /home/mman/Work/SWAC/lt.o/svn/lintouch/lintouch/trunk/src/template-libraries/ltl-input/config/missing --run autoheader'
AUTOMAKE='${SHELL} /home/mman/Work/SWAC/lt.o/svn/lintouch/lintouch/trunk/src/template-libraries/ltl-input/config/missing --run automake-1.8'
AWK='gawk'
CC='gcc'
CCDEPMODE='depmode=none'
CFLAGS='-g -O2'
CPPFLAGS=''
CPPUNIT_CFLAGS=''
CPPUNIT_CONFIG='/usr/bin/cppunit-config'
CPPUNIT_LIBS='-lcppunit -ldl'
CXX='g++'
CXXDEPMODE='depmode=none'
CXXFLAGS='-g -O2'
CYGPATH_W='echo'
DEFS='-DPACKAGE_NAME=\"\" -DPACKAGE_TARNAME=\"\" -DPACKAGE_VERSION=\"\" -DPACKAGE_STRING=\"\" -DPACKAGE_BUGREPORT=\"\" -DPACKAGE=\"ltl-display\" -DVERSION=\"1.7.0\" '
DEPDIR='.deps'
DOXYGEN='doxygen'
ECHO_C=''
ECHO_N='-n'
ECHO_T=''
EXEEXT=''
INSTALL_DATA='${INSTALL} -m 644'
INSTALL_PROGRAM='${INSTALL}'
INSTALL_SCRIPT='${INSTALL}'
INSTALL_STRIP_PROGRAM='${SHELL} $(install_sh) -c -s'
LDFLAGS=''
LIBOBJS=''
LIBS=''
LTLIBOBJS=''
LTLINPUT_TOP_SRCDIR='$(top_srcdir)'
LTL_CFLAGS='-pipe -Wall -O2 -pthread -I/home/mman/lintouch/trunk-componentized/include -I/usr/include/xmltok -I/usr/include/openssl -I/usr/include/apr-0  '
LTL_LFLAGS=' -Wl,-rpath,build'
LTL_LIBS='-L/home/mman/lintouch/trunk-componentized/lib -llttemplates -lltvariables -lltvfs -lltzip  '
MAKEINFO='${SHELL} /home/mman/Work/SWAC/lt.o/svn/lintouch/lintouch/trunk/src/template-libraries/ltl-input/config/missing --run makeinfo'
MWOPTTARGETS=''
OBJEXT='o'
PACKAGE='ltl-display'
PACKAGE_BUGREPORT=''
PACKAGE_NAME=''
PACKAGE_STRING=''
PACKAGE_TARNAME=''
PACKAGE_VERSION=''
PATH_SEPARATOR=':'
PKG_CONFIG='/usr/bin/pkg-config'
QTDIR='/usr/share/qt3'
QT_MISC_DEBUG='release'
QT_MISC_PROFILE=''
SET_MAKE=''
SHELL='/bin/sh'
STRIP=''
TODAY='2006-01-10'
VERSION='1.7.0'
ac_ct_CC='gcc'
ac_ct_CXX='g++'
ac_ct_STRIP=''
ac_pt_PKG_CONFIG='/usr/bin/pkg-config'
am__fastdepCC_FALSE=''
am__fastdepCC_TRUE='#'
am__fastdepCXX_FALSE=''
am__fastdepCXX_TRUE='#'
am__include='include'
am__leading_dot='.'
am__quote=''
bindir='${exec_prefix}/bin'
build_alias=''
datadir='${prefix}/share'
exec_prefix='${prefix}'
host_alias=''
includedir='${prefix}/include'
infodir='${prefix}/info'
install_sh='/home/mman/Work/SWAC/lt.o/svn/lintouch/lintouch/trunk/src/template-libraries/ltl-input/config/install-sh'
libdir='${exec_prefix}/lib'
libexecdir='${exec_prefix}/libexec'
localstatedir='${prefix}/var'
mandir='${prefix}/man'
mkdir_p='mkdir -p -- .'
oldincludedir='/usr/include'
prefix='/home/mman/lintouch/trunk-componentized'
program_transform_name='s,x,x,'
sbindir='${exec_prefix}/sbin'
sharedstatedir='${prefix}/com'
sysconfdir='${prefix}/etc'
target_alias=''

## ----------- ##
## confdefs.h. ##
## ----------- ##

#define PACKAGE "ltl-display"
#define PACKAGE_BUGREPORT ""
#define PACKAGE_NAME ""
#define PACKAGE_STRING ""
#define PACKAGE_TARNAME ""
#define PACKAGE_VERSION ""
#define VERSION "1.7.0"
#endif
#ifdef __cplusplus
extern "C" void std::exit (int) throw (); using std::exit;

configure: exit 0
